<?xml version="1.0" encoding="UTF-8"?>
<!-- Generated by org.testng.reporters.JUnitReportReporter -->
<testsuite skipped="0" hostname="DESKTOP-3JCFK64" name="com.elearning.test.ELTC_007" tests="1" failures="0" timestamp="05 Mar 2020 04:41:10 GMT" time="32.741" errors="0">
  <testcase name="validLoginTest" time="32.741" classname="com.elearning.test.ELTC_007"/>
</testsuite> <!-- com.elearning.test.ELTC_007 -->
