<?xml version="1.0" encoding="UTF-8"?>
<!-- Generated by org.testng.reporters.JUnitReportReporter -->
<testsuite skipped="0" hostname="DESKTOP-3JCFK64" name="com.elearning.test.ELTC_067" tests="4" failures="0" timestamp="19 Mar 2020 10:47:28 GMT" time="135.413" errors="0">
  <testcase name="loginDBTest" time="33.309" classname="com.elearning.test.ELTC_067"/>
  <testcase name="loginDBTest" time="33.366" classname="com.elearning.test.ELTC_067"/>
  <testcase name="loginDBTest" time="35.039" classname="com.elearning.test.ELTC_067"/>
  <testcase name="loginDBTest" time="33.699" classname="com.elearning.test.ELTC_067"/>
</testsuite> <!-- com.elearning.test.ELTC_067 -->
