<?xml version="1.0" encoding="UTF-8"?>
<!-- Generated by org.testng.reporters.JUnitReportReporter -->
<testsuite skipped="0" hostname="DESKTOP-3JCFK64" name="com.elearning.test.ELTC_008" tests="1" failures="0" timestamp="05 Mar 2020 20:17:18 GMT" time="33.868" errors="0">
  <testcase name="validLoginTest" time="33.868" classname="com.elearning.test.ELTC_008"/>
</testsuite> <!-- com.elearning.test.ELTC_008 -->
