<?xml version="1.0" encoding="UTF-8"?>
<!-- Generated by org.testng.reporters.JUnitReportReporter -->
<testsuite skipped="0" hostname="DESKTOP-3JCFK64" name="com.elearning.test.ELTC_039" tests="1" failures="0" timestamp="13 Mar 2020 16:23:10 GMT" time="153.362" errors="0">
  <testcase name="validLoginTest" time="153.362" classname="com.elearning.test.ELTC_039"/>
</testsuite> <!-- com.elearning.test.ELTC_039 -->
