<?xml version="1.0" encoding="UTF-8"?>
<!-- Generated by org.testng.reporters.JUnitReportReporter -->
<testsuite skipped="0" hostname="DESKTOP-3JCFK64" name="com.training.sanity.tests.LoginTests" tests="1" failures="0" timestamp="03 Mar 2020 09:35:36 GMT" time="32.631" errors="0">
  <testcase name="validLoginTest" time="32.631" classname="com.training.sanity.tests.LoginTests"/>
</testsuite> <!-- com.training.sanity.tests.LoginTests -->
