<?xml version="1.0" encoding="UTF-8"?>
<!-- Generated by org.testng.reporters.JUnitReportReporter -->
<testsuite skipped="0" hostname="DESKTOP-3JCFK64" name="com.elearning.test.ELTC_037" tests="1" failures="0" timestamp="12 Mar 2020 11:59:06 GMT" time="139.053" errors="0">
  <testcase name="validLoginTest" time="139.053" classname="com.elearning.test.ELTC_037"/>
</testsuite> <!-- com.elearning.test.ELTC_037 -->
