<?xml version="1.0" encoding="UTF-8"?>
<!-- Generated by org.testng.reporters.JUnitReportReporter -->
<testsuite skipped="0" hostname="DESKTOP-3JCFK64" name="com.elearning.test.ELTC_069" tests="4" failures="0" timestamp="19 Mar 2020 11:45:38 GMT" time="116.612" errors="0">
  <testcase name="loginDBTest" time="30.277" classname="com.elearning.test.ELTC_069"/>
  <testcase name="loginDBTest" time="28.656" classname="com.elearning.test.ELTC_069"/>
  <testcase name="loginDBTest" time="28.534" classname="com.elearning.test.ELTC_069"/>
  <testcase name="loginDBTest" time="29.145" classname="com.elearning.test.ELTC_069"/>
</testsuite> <!-- com.elearning.test.ELTC_069 -->
