<?xml version="1.0" encoding="UTF-8"?>
<!-- Generated by org.testng.reporters.JUnitReportReporter -->
<testsuite skipped="0" hostname="DESKTOP-3JCFK64" name="com.elearning.test.ELTC_038" tests="1" failures="0" timestamp="12 Mar 2020 06:21:29 GMT" time="104.244" errors="0">
  <testcase name="validLoginTest" time="104.244" classname="com.elearning.test.ELTC_038"/>
</testsuite> <!-- com.elearning.test.ELTC_038 -->
