<?xml version="1.0" encoding="UTF-8"?>
<!-- Generated by org.testng.reporters.JUnitReportReporter -->
<testsuite skipped="0" hostname="DESKTOP-3JCFK64" name="com.elearning.test.ELTC_009" tests="1" failures="0" timestamp="07 Mar 2020 18:35:05 GMT" time="27.785" errors="0">
  <testcase name="validLoginTest" time="27.785" classname="com.elearning.test.ELTC_009"/>
</testsuite> <!-- com.elearning.test.ELTC_009 -->
